<?xml version="1.0" encoding="UTF-8"?>
<!-- Generated by org.testng.reporters.JUnitReportReporter -->
<testsuite skipped="0" hostname="CGSCLRD48981184" name="eBay.Ebay" tests="1" failures="0" timestamp="16 Jan 2019 19:18:05 GMT" time="13.538" errors="0">
  <testcase name="validateTitle" time="13.538" classname="eBay.Ebay"/>
</testsuite> <!-- eBay.Ebay -->
